<?xml version="1.0" encoding="UTF-8"?>
<testsuites>
  <testsuite name="fastlane.lanes">
    
    
    
      
      <testcase classname="fastlane.lanes" name="0: default_platform" time="0.000886725">
        
      </testcase>
    
      
      <testcase classname="fastlane.lanes" name="1: assemble" time="22.193006502">
        
          <failure message="/var/lib/gems/2.7.0/gems/fastlane-2.207.0/fastlane/lib/fastlane/actions/actions_helper.rb:67:in `execute_action'&#10;/var/lib/gems/2.7.0/gems/fastlane-2.207.0/fastlane/lib/fastlane/runner.rb:255:in `block in execute_action'&#10;/var/lib/gems/2.7.0/gems/fastlane-2.207.0/fastlane/lib/fastlane/runner.rb:229:in `chdir'&#10;/var/lib/gems/2.7.0/gems/fastlane-2.207.0/fastlane/lib/fastlane/runner.rb:229:in `execute_action'&#10;/var/lib/gems/2.7.0/gems/fastlane-2.207.0/fastlane/lib/fastlane/runner.rb:157:in `trigger_action_by_name'&#10;/var/lib/gems/2.7.0/gems/fastlane-2.207.0/fastlane/lib/fastlane/fast_file.rb:159:in `method_missing'&#10;Fastfile:6:in `block (2 levels) in parsing_binding'&#10;/var/lib/gems/2.7.0/gems/fastlane-2.207.0/fastlane/lib/fastlane/lane.rb:33:in `call'&#10;/var/lib/gems/2.7.0/gems/fastlane-2.207.0/fastlane/lib/fastlane/runner.rb:49:in `block in execute'&#10;/var/lib/gems/2.7.0/gems/fastlane-2.207.0/fastlane/lib/fastlane/runner.rb:45:in `chdir'&#10;/var/lib/gems/2.7.0/gems/fastlane-2.207.0/fastlane/lib/fastlane/runner.rb:45:in `execute'&#10;/var/lib/gems/2.7.0/gems/fastlane-2.207.0/fastlane/lib/fastlane/lane_manager.rb:47:in `cruise_lane'&#10;/var/lib/gems/2.7.0/gems/fastlane-2.207.0/fastlane/lib/fastlane/command_line_handler.rb:36:in `handle'&#10;/var/lib/gems/2.7.0/gems/fastlane-2.207.0/fastlane/lib/fastlane/commands_generator.rb:110:in `block (2 levels) in run'&#10;/var/lib/gems/2.7.0/gems/commander-4.6.0/lib/commander/command.rb:187:in `call'&#10;/var/lib/gems/2.7.0/gems/commander-4.6.0/lib/commander/command.rb:157:in `run'&#10;/var/lib/gems/2.7.0/gems/commander-4.6.0/lib/commander/runner.rb:444:in `run_active_command'&#10;/var/lib/gems/2.7.0/gems/fastlane-2.207.0/fastlane_core/lib/fastlane_core/ui/fastlane_runner.rb:124:in `run!'&#10;/var/lib/gems/2.7.0/gems/commander-4.6.0/lib/commander/delegates.rb:18:in `run!'&#10;/var/lib/gems/2.7.0/gems/fastlane-2.207.0/fastlane/lib/fastlane/commands_generator.rb:354:in `run'&#10;/var/lib/gems/2.7.0/gems/fastlane-2.207.0/fastlane/lib/fastlane/commands_generator.rb:43:in `start'&#10;/var/lib/gems/2.7.0/gems/fastlane-2.207.0/fastlane/lib/fastlane/cli_tools_distributor.rb:123:in `take_off'&#10;/var/lib/gems/2.7.0/gems/fastlane-2.207.0/bin/fastlane:23:in `&lt;top (required)&gt;'&#10;/usr/local/bin/fastlane:23:in `load'&#10;/usr/local/bin/fastlane:23:in `&lt;main&gt;'&#10;&#10;Exit status of command '/home/vikas/Sameed/gradlew assemble -p . -Pandroid.injected.signing.store.file='' -Pandroid.injected.signing.store.password='' -Pandroid.injected.signing.key.alias='' -Pandroid.injected.signing.key.password=''' was 1 instead of 0.&#10;&#10;FAILURE: Build failed with an exception.&#10;&#10;* What went wrong:&#10;Could not determine the dependencies of task ':app:compileReleaseJavaWithJavac'.&#10;&gt; Cannot query the value of this provider because it has no value available.&#10;&#10;* Try:&#10;Run with --stacktrace option to get the stack trace. Run with --info or --debug option to get more log output. Run with --scan to get full insights.&#10;&#10;* Get more help at https://help.gradle.org&#10;&#10;BUILD FAILED in 21s&#10;" />
        
      </testcase>
    
  </testsuite>
</testsuites>
